\BOOKMARK [0][-]{chapter.1}{\376\377\0001\000\040\000K\000l\000a\000s\000s\000e\000\040\000I\000n\000d\000e\000x}{}% 1
\BOOKMARK [1][-]{section.1.1}{\376\377\0001\000.\0001\000\040\000K\000l\000a\000s\000s\000e\000\040\000L\000i\000j\000s\000t}{chapter.1}% 2
\BOOKMARK [0][-]{chapter.2}{\376\377\0002\000\040\000B\000e\000s\000t\000a\000n\000d\000\040\000I\000n\000d\000e\000x}{}% 3
\BOOKMARK [1][-]{section.2.1}{\376\377\0002\000.\0001\000\040\000B\000e\000s\000t\000a\000n\000d\000s\000l\000i\000j\000s\000t}{chapter.2}% 4
\BOOKMARK [0][-]{chapter.3}{\376\377\0003\000\040\000K\000l\000a\000s\000s\000e\000n\000\040\000D\000o\000c\000u\000m\000e\000n\000t\000a\000t\000i\000e}{}% 5
\BOOKMARK [1][-]{section.3.1}{\376\377\0003\000.\0001\000\040\000H\000M\000M\000\040\000S\000t\000r\000u\000c\000t\000\040\000R\000e\000f\000e\000r\000e\000n\000t\000i\000e}{chapter.3}% 6
\BOOKMARK [2][-]{subsection.3.1.1}{\376\377\0003\000.\0001\000.\0001\000\040\000D\000o\000c\000u\000m\000e\000n\000t\000a\000t\000i\000e\000\040\000v\000a\000n\000\040\000d\000a\000t\000a\000\040\000m\000e\000m\000b\000e\000r\000s}{section.3.1}% 7
\BOOKMARK [3][-]{subsubsection.3.1.1.1}{\376\377\0003\000.\0001\000.\0001\000.\0001\000\040\000E\0001\000\137\000d\000i\000s\000t}{subsection.3.1.1}% 8
\BOOKMARK [3][-]{subsubsection.3.1.1.2}{\376\377\0003\000.\0001\000.\0001\000.\0002\000\040\000E\000\137\000d\000i\000s\000t}{subsection.3.1.1}% 9
\BOOKMARK [3][-]{subsubsection.3.1.1.3}{\376\377\0003\000.\0001\000.\0001\000.\0003\000\040\000e\000\137\000M}{subsection.3.1.1}% 10
\BOOKMARK [3][-]{subsubsection.3.1.1.4}{\376\377\0003\000.\0001\000.\0001\000.\0004\000\040\000e\000\137\000M\000\137\0001}{subsection.3.1.1}% 11
\BOOKMARK [3][-]{subsubsection.3.1.1.5}{\376\377\0003\000.\0001\000.\0001\000.\0005\000\040\000N}{subsection.3.1.1}% 12
\BOOKMARK [3][-]{subsubsection.3.1.1.6}{\376\377\0003\000.\0001\000.\0001\000.\0006\000\040\000p\000i}{subsection.3.1.1}% 13
\BOOKMARK [3][-]{subsubsection.3.1.1.7}{\376\377\0003\000.\0001\000.\0001\000.\0007\000\040\000S\0001\000\137\000d\000i\000s\000t}{subsection.3.1.1}% 14
\BOOKMARK [3][-]{subsubsection.3.1.1.8}{\376\377\0003\000.\0001\000.\0001\000.\0008\000\040\000S\000\137\000d\000i\000s\000t}{subsection.3.1.1}% 15
\BOOKMARK [3][-]{subsubsection.3.1.1.9}{\376\377\0003\000.\0001\000.\0001\000.\0009\000\040\000t\000r}{subsection.3.1.1}% 16
\BOOKMARK [3][-]{subsubsection.3.1.1.10}{\376\377\0003\000.\0001\000.\0001\000.\0001\0000\000\040\000t\000r\000\137\000E}{subsection.3.1.1}% 17
\BOOKMARK [3][-]{subsubsection.3.1.1.11}{\376\377\0003\000.\0001\000.\0001\000.\0001\0001\000\040\000t\000r\000\137\000E\000\137\0001}{subsection.3.1.1}% 18
\BOOKMARK [3][-]{subsubsection.3.1.1.12}{\376\377\0003\000.\0001\000.\0001\000.\0001\0002\000\040\000t\000r\000\137\000I\000\137\000I}{subsection.3.1.1}% 19
\BOOKMARK [3][-]{subsubsection.3.1.1.13}{\376\377\0003\000.\0001\000.\0001\000.\0001\0003\000\040\000t\000r\000\137\000M\000\137\000I}{subsection.3.1.1}% 20
\BOOKMARK [3][-]{subsubsection.3.1.1.14}{\376\377\0003\000.\0001\000.\0001\000.\0001\0004\000\040\000t\000r\000\137\000R\000\137\000R}{subsection.3.1.1}% 21
\BOOKMARK [3][-]{subsubsection.3.1.1.15}{\376\377\0003\000.\0001\000.\0001\000.\0001\0005\000\040\000t\000r\000\137\000S}{subsection.3.1.1}% 22
\BOOKMARK [3][-]{subsubsection.3.1.1.16}{\376\377\0003\000.\0001\000.\0001\000.\0001\0006\000\040\000t\000r\000\137\000S\000\137\0001}{subsection.3.1.1}% 23
\BOOKMARK [1][-]{section.3.2}{\376\377\0003\000.\0002\000\040\000t\000h\000r\000e\000a\000d\000\137\000d\000a\000t\000a\000\040\000S\000t\000r\000u\000c\000t\000\040\000R\000e\000f\000e\000r\000e\000n\000t\000i\000e}{chapter.3}% 24
\BOOKMARK [2][-]{subsection.3.2.1}{\376\377\0003\000.\0002\000.\0001\000\040\000D\000o\000c\000u\000m\000e\000n\000t\000a\000t\000i\000e\000\040\000v\000a\000n\000\040\000d\000a\000t\000a\000\040\000m\000e\000m\000b\000e\000r\000s}{section.3.2}% 25
\BOOKMARK [3][-]{subsubsection.3.2.1.1}{\376\377\0003\000.\0002\000.\0001\000.\0001\000\040\000a\000a}{subsection.3.2.1}% 26
\BOOKMARK [3][-]{subsubsection.3.2.1.2}{\376\377\0003\000.\0002\000.\0001\000.\0002\000\040\000c\000g}{subsection.3.2.1}% 27
\BOOKMARK [3][-]{subsubsection.3.2.1.3}{\376\377\0003\000.\0002\000.\0001\000.\0003\000\040\000d\000n\000a}{subsection.3.2.1}% 28
\BOOKMARK [3][-]{subsubsection.3.2.1.4}{\376\377\0003\000.\0002\000.\0001\000.\0004\000\040\000f\000o\000r\000m\000a\000t}{subsection.3.2.1}% 29
\BOOKMARK [3][-]{subsubsection.3.2.1.5}{\376\377\0003\000.\0002\000.\0001\000.\0005\000\040\000h\000m\000m}{subsection.3.2.1}% 30
\BOOKMARK [3][-]{subsubsection.3.2.1.6}{\376\377\0003\000.\0002\000.\0001\000.\0006\000\040\000o\000b\000s\000\137\000h\000e\000a\000d}{subsection.3.2.1}% 31
\BOOKMARK [3][-]{subsubsection.3.2.1.7}{\376\377\0003\000.\0002\000.\0001\000.\0007\000\040\000o\000b\000s\000\137\000s\000e\000q}{subsection.3.2.1}% 32
\BOOKMARK [3][-]{subsubsection.3.2.1.8}{\376\377\0003\000.\0002\000.\0001\000.\0008\000\040\000o\000u\000t}{subsection.3.2.1}% 33
\BOOKMARK [3][-]{subsubsection.3.2.1.9}{\376\377\0003\000.\0002\000.\0001\000.\0009\000\040\000t\000r\000a\000i\000n}{subsection.3.2.1}% 34
\BOOKMARK [3][-]{subsubsection.3.2.1.10}{\376\377\0003\000.\0002\000.\0001\000.\0001\0000\000\040\000w\000h\000o\000l\000e\000g\000e\000n\000o\000m\000e}{subsection.3.2.1}% 35
\BOOKMARK [1][-]{section.3.3}{\376\377\0003\000.\0003\000\040\000T\000R\000A\000I\000N\000\040\000S\000t\000r\000u\000c\000t\000\040\000R\000e\000f\000e\000r\000e\000n\000t\000i\000e}{chapter.3}% 36
\BOOKMARK [2][-]{subsection.3.3.1}{\376\377\0003\000.\0003\000.\0001\000\040\000D\000o\000c\000u\000m\000e\000n\000t\000a\000t\000i\000e\000\040\000v\000a\000n\000\040\000d\000a\000t\000a\000\040\000m\000e\000m\000b\000e\000r\000s}{section.3.3}% 37
\BOOKMARK [3][-]{subsubsection.3.3.1.1}{\376\377\0003\000.\0003\000.\0001\000.\0001\000\040\000E\0001\000\137\000d\000i\000s\000t}{subsection.3.3.1}% 38
\BOOKMARK [3][-]{subsubsection.3.3.1.2}{\376\377\0003\000.\0003\000.\0001\000.\0002\000\040\000E\000\137\000d\000i\000s\000t}{subsection.3.3.1}% 39
\BOOKMARK [3][-]{subsubsection.3.3.1.3}{\376\377\0003\000.\0003\000.\0001\000.\0003\000\040\000n\000o\000n\000c\000o\000d\000i\000n\000g}{subsection.3.3.1}% 40
\BOOKMARK [3][-]{subsubsection.3.3.1.4}{\376\377\0003\000.\0003\000.\0001\000.\0004\000\040\000r\000t\000r\000a\000n\000s}{subsection.3.3.1}% 41
\BOOKMARK [3][-]{subsubsection.3.3.1.5}{\376\377\0003\000.\0003\000.\0001\000.\0005\000\040\000S\0001\000\137\000d\000i\000s\000t}{subsection.3.3.1}% 42
\BOOKMARK [3][-]{subsubsection.3.3.1.6}{\376\377\0003\000.\0003\000.\0001\000.\0006\000\040\000S\000\137\000d\000i\000s\000t}{subsection.3.3.1}% 43
\BOOKMARK [3][-]{subsubsection.3.3.1.7}{\376\377\0003\000.\0003\000.\0001\000.\0007\000\040\000s\000t\000a\000r\000t}{subsection.3.3.1}% 44
\BOOKMARK [3][-]{subsubsection.3.3.1.8}{\376\377\0003\000.\0003\000.\0001\000.\0008\000\040\000s\000t\000a\000r\000t\0001}{subsection.3.3.1}% 45
\BOOKMARK [3][-]{subsubsection.3.3.1.9}{\376\377\0003\000.\0003\000.\0001\000.\0009\000\040\000s\000t\000o\000p}{subsection.3.3.1}% 46
\BOOKMARK [3][-]{subsubsection.3.3.1.10}{\376\377\0003\000.\0003\000.\0001\000.\0001\0000\000\040\000s\000t\000o\000p\0001}{subsection.3.3.1}% 47
\BOOKMARK [3][-]{subsubsection.3.3.1.11}{\376\377\0003\000.\0003\000.\0001\000.\0001\0001\000\040\000t\000r\000a\000n\000s}{subsection.3.3.1}% 48
\BOOKMARK [0][-]{chapter.4}{\376\377\0004\000\040\000B\000e\000s\000t\000a\000n\000d\000\040\000D\000o\000c\000u\000m\000e\000n\000t\000a\000t\000i\000e}{}% 49
\BOOKMARK [1][-]{section.4.1}{\376\377\0004\000.\0001\000\040\000h\000m\000m\000.\000h\000\040\000B\000e\000s\000t\000a\000n\000d\000\040\000R\000e\000f\000e\000r\000e\000n\000t\000i\000e}{chapter.4}% 50
\BOOKMARK [2][-]{subsection.4.1.1}{\376\377\0004\000.\0001\000.\0001\000\040\000D\000o\000c\000u\000m\000e\000n\000t\000a\000t\000i\000e\000\040\000v\000a\000n\000\040\000m\000a\000c\000r\000o\000\047\000s}{section.4.1}% 51
\BOOKMARK [3][-]{subsubsection.4.1.1.1}{\376\377\0004\000.\0001\000.\0001\000.\0001\000\040\000A}{subsection.4.1.1}% 52
\BOOKMARK [3][-]{subsubsection.4.1.1.2}{\376\377\0004\000.\0001\000.\0001\000.\0002\000\040\000C}{subsection.4.1.1}% 53
\BOOKMARK [3][-]{subsubsection.4.1.1.3}{\376\377\0004\000.\0001\000.\0001\000.\0003\000\040\000E\000\137\000S\000T\000A\000T\000E}{subsection.4.1.1}% 54
\BOOKMARK [3][-]{subsubsection.4.1.1.4}{\376\377\0004\000.\0001\000.\0001\000.\0004\000\040\000E\000\137\000S\000T\000A\000T\000E\000\137\0001}{subsection.4.1.1}% 55
\BOOKMARK [3][-]{subsubsection.4.1.1.5}{\376\377\0004\000.\0001\000.\0001\000.\0005\000\040\000G}{subsection.4.1.1}% 56
\BOOKMARK [3][-]{subsubsection.4.1.1.6}{\376\377\0004\000.\0001\000.\0001\000.\0006\000\040\000I\0001\000\137\000S\000T\000A\000T\000E}{subsection.4.1.1}% 57
\BOOKMARK [3][-]{subsubsection.4.1.1.7}{\376\377\0004\000.\0001\000.\0001\000.\0007\000\040\000I\0001\000\137\000S\000T\000A\000T\000E\000\137\0001}{subsection.4.1.1}% 58
\BOOKMARK [3][-]{subsubsection.4.1.1.8}{\376\377\0004\000.\0001\000.\0001\000.\0008\000\040\000I\0002\000\137\000S\000T\000A\000T\000E}{subsection.4.1.1}% 59
\BOOKMARK [3][-]{subsubsection.4.1.1.9}{\376\377\0004\000.\0001\000.\0001\000.\0009\000\040\000I\0002\000\137\000S\000T\000A\000T\000E\000\137\0001}{subsection.4.1.1}% 60
\BOOKMARK [3][-]{subsubsection.4.1.1.10}{\376\377\0004\000.\0001\000.\0001\000.\0001\0000\000\040\000I\0003\000\137\000S\000T\000A\000T\000E}{subsection.4.1.1}% 61
\BOOKMARK [3][-]{subsubsection.4.1.1.11}{\376\377\0004\000.\0001\000.\0001\000.\0001\0001\000\040\000I\0003\000\137\000S\000T\000A\000T\000E\000\137\0001}{subsection.4.1.1}% 62
\BOOKMARK [3][-]{subsubsection.4.1.1.12}{\376\377\0004\000.\0001\000.\0001\000.\0001\0002\000\040\000I\0004\000\137\000S\000T\000A\000T\000E}{subsection.4.1.1}% 63
\BOOKMARK [3][-]{subsubsection.4.1.1.13}{\376\377\0004\000.\0001\000.\0001\000.\0001\0003\000\040\000I\0004\000\137\000S\000T\000A\000T\000E\000\137\0001}{subsection.4.1.1}% 64
\BOOKMARK [3][-]{subsubsection.4.1.1.14}{\376\377\0004\000.\0001\000.\0001\000.\0001\0004\000\040\000I\0005\000\137\000S\000T\000A\000T\000E}{subsection.4.1.1}% 65
\BOOKMARK [3][-]{subsubsection.4.1.1.15}{\376\377\0004\000.\0001\000.\0001\000.\0001\0005\000\040\000I\0005\000\137\000S\000T\000A\000T\000E\000\137\0001}{subsection.4.1.1}% 66
\BOOKMARK [3][-]{subsubsection.4.1.1.16}{\376\377\0004\000.\0001\000.\0001\000.\0001\0006\000\040\000I\0006\000\137\000S\000T\000A\000T\000E}{subsection.4.1.1}% 67
\BOOKMARK [3][-]{subsubsection.4.1.1.17}{\376\377\0004\000.\0001\000.\0001\000.\0001\0007\000\040\000I\0006\000\137\000S\000T\000A\000T\000E\000\137\0001}{subsection.4.1.1}% 68
\BOOKMARK [3][-]{subsubsection.4.1.1.18}{\376\377\0004\000.\0001\000.\0001\000.\0001\0008\000\040\000M\0001\000\137\000S\000T\000A\000T\000E}{subsection.4.1.1}% 69
\BOOKMARK [3][-]{subsubsection.4.1.1.19}{\376\377\0004\000.\0001\000.\0001\000.\0001\0009\000\040\000M\0001\000\137\000S\000T\000A\000T\000E\000\137\0001}{subsection.4.1.1}% 70
\BOOKMARK [3][-]{subsubsection.4.1.1.20}{\376\377\0004\000.\0001\000.\0001\000.\0002\0000\000\040\000M\0002\000\137\000S\000T\000A\000T\000E}{subsection.4.1.1}% 71
\BOOKMARK [3][-]{subsubsection.4.1.1.21}{\376\377\0004\000.\0001\000.\0001\000.\0002\0001\000\040\000M\0002\000\137\000S\000T\000A\000T\000E\000\137\0001}{subsection.4.1.1}% 72
\BOOKMARK [3][-]{subsubsection.4.1.1.22}{\376\377\0004\000.\0001\000.\0001\000.\0002\0002\000\040\000M\0003\000\137\000S\000T\000A\000T\000E}{subsection.4.1.1}% 73
\BOOKMARK [3][-]{subsubsection.4.1.1.23}{\376\377\0004\000.\0001\000.\0001\000.\0002\0003\000\040\000M\0003\000\137\000S\000T\000A\000T\000E\000\137\0001}{subsection.4.1.1}% 74
\BOOKMARK [3][-]{subsubsection.4.1.1.24}{\376\377\0004\000.\0001\000.\0001\000.\0002\0004\000\040\000M\0004\000\137\000S\000T\000A\000T\000E}{subsection.4.1.1}% 75
\BOOKMARK [3][-]{subsubsection.4.1.1.25}{\376\377\0004\000.\0001\000.\0001\000.\0002\0005\000\040\000M\0004\000\137\000S\000T\000A\000T\000E\000\137\0001}{subsection.4.1.1}% 76
\BOOKMARK [3][-]{subsubsection.4.1.1.26}{\376\377\0004\000.\0001\000.\0001\000.\0002\0006\000\040\000M\0005\000\137\000S\000T\000A\000T\000E}{subsection.4.1.1}% 77
\BOOKMARK [3][-]{subsubsection.4.1.1.27}{\376\377\0004\000.\0001\000.\0001\000.\0002\0007\000\040\000M\0005\000\137\000S\000T\000A\000T\000E\000\137\0001}{subsection.4.1.1}% 78
\BOOKMARK [3][-]{subsubsection.4.1.1.28}{\376\377\0004\000.\0001\000.\0001\000.\0002\0008\000\040\000M\0006\000\137\000S\000T\000A\000T\000E}{subsection.4.1.1}% 79
\BOOKMARK [3][-]{subsubsection.4.1.1.29}{\376\377\0004\000.\0001\000.\0001\000.\0002\0009\000\040\000M\0006\000\137\000S\000T\000A\000T\000E\000\137\0001}{subsection.4.1.1}% 80
\BOOKMARK [3][-]{subsubsection.4.1.1.30}{\376\377\0004\000.\0001\000.\0001\000.\0003\0000\000\040\000N\000O\000S\000T\000A\000T\000E}{subsection.4.1.1}% 81
\BOOKMARK [3][-]{subsubsection.4.1.1.31}{\376\377\0004\000.\0001\000.\0001\000.\0003\0001\000\040\000N\000U\000M\000\137\000S\000T\000A\000T\000E}{subsection.4.1.1}% 82
\BOOKMARK [3][-]{subsubsection.4.1.1.32}{\376\377\0004\000.\0001\000.\0001\000.\0003\0002\000\040\000R\000\137\000S\000T\000A\000T\000E}{subsection.4.1.1}% 83
\BOOKMARK [3][-]{subsubsection.4.1.1.33}{\376\377\0004\000.\0001\000.\0001\000.\0003\0003\000\040\000S\000\137\000S\000T\000A\000T\000E}{subsection.4.1.1}% 84
\BOOKMARK [3][-]{subsubsection.4.1.1.34}{\376\377\0004\000.\0001\000.\0001\000.\0003\0004\000\040\000S\000\137\000S\000T\000A\000T\000E\000\137\0001}{subsection.4.1.1}% 85
\BOOKMARK [3][-]{subsubsection.4.1.1.35}{\376\377\0004\000.\0001\000.\0001\000.\0003\0005\000\040\000T}{subsection.4.1.1}% 86
\BOOKMARK [3][-]{subsubsection.4.1.1.36}{\376\377\0004\000.\0001\000.\0001\000.\0003\0006\000\040\000T\000R\000\137\000D\000D}{subsection.4.1.1}% 87
\BOOKMARK [3][-]{subsubsection.4.1.1.37}{\376\377\0004\000.\0001\000.\0001\000.\0003\0007\000\040\000T\000R\000\137\000D\000M}{subsection.4.1.1}% 88
\BOOKMARK [3][-]{subsubsection.4.1.1.38}{\376\377\0004\000.\0001\000.\0001\000.\0003\0008\000\040\000T\000R\000\137\000E\000R}{subsection.4.1.1}% 89
\BOOKMARK [3][-]{subsubsection.4.1.1.39}{\376\377\0004\000.\0001\000.\0001\000.\0003\0009\000\040\000T\000R\000\137\000E\000S}{subsection.4.1.1}% 90
\BOOKMARK [3][-]{subsubsection.4.1.1.40}{\376\377\0004\000.\0001\000.\0001\000.\0004\0000\000\040\000T\000R\000\137\000E\000S\0001}{subsection.4.1.1}% 91
\BOOKMARK [3][-]{subsubsection.4.1.1.41}{\376\377\0004\000.\0001\000.\0001\000.\0004\0001\000\040\000T\000R\000\137\000G\000E}{subsection.4.1.1}% 92
\BOOKMARK [3][-]{subsubsection.4.1.1.42}{\376\377\0004\000.\0001\000.\0001\000.\0004\0002\000\040\000T\000R\000\137\000G\000G}{subsection.4.1.1}% 93
\BOOKMARK [3][-]{subsubsection.4.1.1.43}{\376\377\0004\000.\0001\000.\0001\000.\0004\0003\000\040\000T\000R\000\137\000I\000I}{subsection.4.1.1}% 94
\BOOKMARK [3][-]{subsubsection.4.1.1.44}{\376\377\0004\000.\0001\000.\0001\000.\0004\0004\000\040\000T\000R\000\137\000I\000M}{subsection.4.1.1}% 95
\BOOKMARK [3][-]{subsubsection.4.1.1.45}{\376\377\0004\000.\0001\000.\0001\000.\0004\0005\000\040\000T\000R\000\137\000M\000D}{subsection.4.1.1}% 96
\BOOKMARK [3][-]{subsubsection.4.1.1.46}{\376\377\0004\000.\0001\000.\0001\000.\0004\0006\000\040\000T\000R\000\137\000M\000I}{subsection.4.1.1}% 97
\BOOKMARK [3][-]{subsubsection.4.1.1.47}{\376\377\0004\000.\0001\000.\0001\000.\0004\0007\000\040\000T\000R\000\137\000M\000M}{subsection.4.1.1}% 98
\BOOKMARK [3][-]{subsubsection.4.1.1.48}{\376\377\0004\000.\0001\000.\0001\000.\0004\0008\000\040\000T\000R\000\137\000R\000R}{subsection.4.1.1}% 99
\BOOKMARK [3][-]{subsubsection.4.1.1.49}{\376\377\0004\000.\0001\000.\0001\000.\0004\0009\000\040\000T\000R\000\137\000R\000S}{subsection.4.1.1}% 100
\BOOKMARK [2][-]{subsection.4.1.2}{\376\377\0004\000.\0001\000.\0002\000\040\000D\000o\000c\000u\000m\000e\000n\000t\000a\000t\000i\000e\000\040\000v\000a\000n\000\040\000f\000u\000n\000c\000t\000i\000e\000s}{section.4.1}% 101
\BOOKMARK [3][-]{subsubsection.4.1.2.1}{\376\377\0004\000.\0001\000.\0002\000.\0001\000\040\000f\000r\000e\000e\000\137\000h\000m\000m\000\050\000\051}{subsection.4.1.2}% 102
\BOOKMARK [3][-]{subsubsection.4.1.2.2}{\376\377\0004\000.\0001\000.\0002\000.\0002\000\040\000g\000e\000t\000\137\000c\000o\000r\000r\000e\000c\000t\000e\000d\000\137\000d\000n\000a\000\050\000\051}{subsection.4.1.2}% 103
\BOOKMARK [3][-]{subsubsection.4.1.2.3}{\376\377\0004\000.\0001\000.\0002\000.\0003\000\040\000g\000e\000t\000\137\000p\000r\000o\000b\000\137\000f\000r\000o\000m\000\137\000c\000g\000\050\000\051}{subsection.4.1.2}% 104
\BOOKMARK [3][-]{subsubsection.4.1.2.4}{\376\377\0004\000.\0001\000.\0002\000.\0004\000\040\000g\000e\000t\000\137\000p\000r\000o\000t\000e\000i\000n\000\050\000\051}{subsection.4.1.2}% 105
\BOOKMARK [3][-]{subsubsection.4.1.2.5}{\376\377\0004\000.\0001\000.\0002\000.\0005\000\040\000g\000e\000t\000\137\000r\000c\000\137\000d\000n\000a\000\050\000\051}{subsection.4.1.2}% 106
\BOOKMARK [3][-]{subsubsection.4.1.2.6}{\376\377\0004\000.\0001\000.\0002\000.\0006\000\040\000g\000e\000t\000\137\000t\000r\000a\000i\000n\000\137\000f\000r\000o\000m\000\137\000f\000i\000l\000e\000\050\000\051}{subsection.4.1.2}% 107
\BOOKMARK [3][-]{subsubsection.4.1.2.7}{\376\377\0004\000.\0001\000.\0002\000.\0007\000\040\000v\000i\000t\000e\000r\000b\000i\000\050\000\051}{subsection.4.1.2}% 108
\BOOKMARK [1][-]{section.4.2}{\376\377\0004\000.\0002\000\040\000h\000m\000m\000\137\000l\000i\000b\000.\000c\000\040\000B\000e\000s\000t\000a\000n\000d\000\040\000R\000e\000f\000e\000r\000e\000n\000t\000i\000e}{chapter.4}% 109
\BOOKMARK [2][-]{subsection.4.2.1}{\376\377\0004\000.\0002\000.\0001\000\040\000D\000o\000c\000u\000m\000e\000n\000t\000a\000t\000i\000e\000\040\000v\000a\000n\000\040\000f\000u\000n\000c\000t\000i\000e\000s}{section.4.2}% 110
\BOOKMARK [3][-]{subsubsection.4.2.1.1}{\376\377\0004\000.\0002\000.\0001\000.\0001\000\040\000d\000u\000m\000p\000\137\000m\000e\000m\000o\000r\000y\000\050\000\051}{subsection.4.2.1}% 111
\BOOKMARK [3][-]{subsubsection.4.2.1.2}{\376\377\0004\000.\0002\000.\0001\000.\0002\000\040\000f\000r\000e\000e\000\137\000h\000m\000m\000\050\000\051}{subsection.4.2.1}% 112
\BOOKMARK [3][-]{subsubsection.4.2.1.3}{\376\377\0004\000.\0002\000.\0001\000.\0003\000\040\000g\000e\000t\000\137\000p\000r\000o\000b\000\137\000f\000r\000o\000m\000\137\000c\000g\000\050\000\051}{subsection.4.2.1}% 113
\BOOKMARK [3][-]{subsubsection.4.2.1.4}{\376\377\0004\000.\0002\000.\0001\000.\0004\000\040\000g\000e\000t\000\137\000t\000r\000a\000i\000n\000\137\000f\000r\000o\000m\000\137\000f\000i\000l\000e\000\050\000\051}{subsection.4.2.1}% 114
\BOOKMARK [3][-]{subsubsection.4.2.1.5}{\376\377\0004\000.\0002\000.\0001\000.\0005\000\040\000v\000i\000t\000e\000r\000b\000i\000\050\000\051}{subsection.4.2.1}% 115
\BOOKMARK [1][-]{section.4.3}{\376\377\0004\000.\0003\000\040\000r\000u\000n\000\137\000h\000m\000m\000.\000c\000\040\000B\000e\000s\000t\000a\000n\000d\000\040\000R\000e\000f\000e\000r\000e\000n\000t\000i\000e}{chapter.4}% 116
\BOOKMARK [2][-]{subsection.4.3.1}{\376\377\0004\000.\0003\000.\0001\000\040\000D\000o\000c\000u\000m\000e\000n\000t\000a\000t\000i\000e\000\040\000v\000a\000n\000\040\000m\000a\000c\000r\000o\000\047\000s}{section.4.3}% 117
\BOOKMARK [3][-]{subsubsection.4.3.1.1}{\376\377\0004\000.\0003\000.\0001\000.\0001\000\040\000A\000D\000D\000\137\000L\000E\000N}{subsection.4.3.1}% 118
\BOOKMARK [3][-]{subsubsection.4.3.1.2}{\376\377\0004\000.\0003\000.\0001\000.\0002\000\040\000S\000T\000R\000I\000N\000G\000L\000E\000N}{subsection.4.3.1}% 119
\BOOKMARK [2][-]{subsection.4.3.2}{\376\377\0004\000.\0003\000.\0002\000\040\000D\000o\000c\000u\000m\000e\000n\000t\000a\000t\000i\000e\000\040\000v\000a\000n\000\040\000t\000y\000p\000e\000d\000e\000f\000s}{section.4.3}% 120
\BOOKMARK [3][-]{subsubsection.4.3.2.1}{\376\377\0004\000.\0003\000.\0002\000.\0001\000\040\000t\000h\000r\000e\000a\000d\000\137\000d\000a\000t\000a}{subsection.4.3.2}% 121
\BOOKMARK [2][-]{subsection.4.3.3}{\376\377\0004\000.\0003\000.\0003\000\040\000D\000o\000c\000u\000m\000e\000n\000t\000a\000t\000i\000e\000\040\000v\000a\000n\000\040\000f\000u\000n\000c\000t\000i\000e\000s}{section.4.3}% 122
\BOOKMARK [3][-]{subsubsection.4.3.3.1}{\376\377\0004\000.\0003\000.\0003\000.\0001\000\040\000a\000p\000p\000e\000n\000d\000S\000e\000q\000\050\000\051}{subsection.4.3.3}% 123
\BOOKMARK [3][-]{subsubsection.4.3.3.2}{\376\377\0004\000.\0003\000.\0003\000.\0002\000\040\000m\000a\000i\000n\000\050\000\051}{subsection.4.3.3}% 124
\BOOKMARK [3][-]{subsubsection.4.3.3.3}{\376\377\0004\000.\0003\000.\0003\000.\0003\000\040\000t\000h\000r\000e\000a\000d\000\137\000f\000u\000n\000c\000\050\000\051}{subsection.4.3.3}% 125
\BOOKMARK [1][-]{section.4.4}{\376\377\0004\000.\0004\000\040\000u\000t\000i\000l\000\137\000l\000i\000b\000.\000c\000\040\000B\000e\000s\000t\000a\000n\000d\000\040\000R\000e\000f\000e\000r\000e\000n\000t\000i\000e}{chapter.4}% 126
\BOOKMARK [2][-]{subsection.4.4.1}{\376\377\0004\000.\0004\000.\0001\000\040\000D\000o\000c\000u\000m\000e\000n\000t\000a\000t\000i\000e\000\040\000v\000a\000n\000\040\000f\000u\000n\000c\000t\000i\000e\000s}{section.4.4}% 127
\BOOKMARK [3][-]{subsubsection.4.4.1.1}{\376\377\0004\000.\0004\000.\0001\000.\0001\000\040\000d\000m\000a\000t\000r\000i\000x\000\050\000\051}{subsection.4.4.1}% 128
\BOOKMARK [3][-]{subsubsection.4.4.1.2}{\376\377\0004\000.\0004\000.\0001\000.\0002\000\040\000d\000v\000e\000c\000t\000o\000r\000\050\000\051}{subsection.4.4.1}% 129
\BOOKMARK [3][-]{subsubsection.4.4.1.3}{\376\377\0004\000.\0004\000.\0001\000.\0003\000\040\000f\000r\000e\000e\000\137\000d\000m\000a\000t\000r\000i\000x\000\050\000\051}{subsection.4.4.1}% 130
\BOOKMARK [3][-]{subsubsection.4.4.1.4}{\376\377\0004\000.\0004\000.\0001\000.\0004\000\040\000f\000r\000e\000e\000\137\000d\000v\000e\000c\000t\000o\000r\000\050\000\051}{subsection.4.4.1}% 131
\BOOKMARK [3][-]{subsubsection.4.4.1.5}{\376\377\0004\000.\0004\000.\0001\000.\0005\000\040\000f\000r\000e\000e\000\137\000i\000m\000a\000t\000r\000i\000x\000\050\000\051}{subsection.4.4.1}% 132
\BOOKMARK [3][-]{subsubsection.4.4.1.6}{\376\377\0004\000.\0004\000.\0001\000.\0006\000\040\000f\000r\000e\000e\000\137\000i\000v\000e\000c\000t\000o\000r\000\050\000\051}{subsection.4.4.1}% 133
\BOOKMARK [3][-]{subsubsection.4.4.1.7}{\376\377\0004\000.\0004\000.\0001\000.\0007\000\040\000g\000e\000t\000\137\000p\000r\000o\000t\000e\000i\000n\000\050\000\051}{subsection.4.4.1}% 134
\BOOKMARK [3][-]{subsubsection.4.4.1.8}{\376\377\0004\000.\0004\000.\0001\000.\0008\000\040\000g\000e\000t\000\137\000r\000c\000\137\000d\000n\000a\000\050\000\051}{subsection.4.4.1}% 135
\BOOKMARK [3][-]{subsubsection.4.4.1.9}{\376\377\0004\000.\0004\000.\0001\000.\0009\000\040\000g\000e\000t\000\137\000r\000c\000\137\000d\000n\000a\000\137\000i\000n\000d\000e\000l\000\050\000\051}{subsection.4.4.1}% 136
\BOOKMARK [3][-]{subsubsection.4.4.1.10}{\376\377\0004\000.\0004\000.\0001\000.\0001\0000\000\040\000i\000m\000a\000t\000r\000i\000x\000\050\000\051}{subsection.4.4.1}% 137
\BOOKMARK [3][-]{subsubsection.4.4.1.11}{\376\377\0004\000.\0004\000.\0001\000.\0001\0001\000\040\000i\000v\000e\000c\000t\000o\000r\000\050\000\051}{subsection.4.4.1}% 138
\BOOKMARK [3][-]{subsubsection.4.4.1.12}{\376\377\0004\000.\0004\000.\0001\000.\0001\0002\000\040\000l\000o\000g\0002\000\050\000\051}{subsection.4.4.1}% 139
\BOOKMARK [3][-]{subsubsection.4.4.1.13}{\376\377\0004\000.\0004\000.\0001\000.\0001\0003\000\040\000n\000t\0002\000i\000n\000t\000\050\000\051}{subsection.4.4.1}% 140
\BOOKMARK [3][-]{subsubsection.4.4.1.14}{\376\377\0004\000.\0004\000.\0001\000.\0001\0004\000\040\000n\000t\0002\000i\000n\000t\000\137\000r\000c\000\050\000\051}{subsection.4.4.1}% 141
\BOOKMARK [3][-]{subsubsection.4.4.1.15}{\376\377\0004\000.\0004\000.\0001\000.\0001\0005\000\040\000n\000t\0002\000i\000n\000t\000\137\000r\000c\000\137\000i\000n\000d\000e\000l\000\050\000\051}{subsection.4.4.1}% 142
\BOOKMARK [3][-]{subsubsection.4.4.1.16}{\376\377\0004\000.\0004\000.\0001\000.\0001\0006\000\040\000p\000r\000i\000n\000t\000\137\000u\000s\000a\000g\000e\000\050\000\051}{subsection.4.4.1}% 143
\BOOKMARK [3][-]{subsubsection.4.4.1.17}{\376\377\0004\000.\0004\000.\0001\000.\0001\0007\000\040\000t\000r\0002\000i\000n\000t\000\050\000\051}{subsection.4.4.1}% 144
\BOOKMARK [3][-]{subsubsection.4.4.1.18}{\376\377\0004\000.\0004\000.\0001\000.\0001\0008\000\040\000t\000r\000i\000n\000u\000c\000l\000e\000o\000t\000i\000d\000e\000\050\000\051}{subsection.4.4.1}% 145
\BOOKMARK [3][-]{subsubsection.4.4.1.19}{\376\377\0004\000.\0004\000.\0001\000.\0001\0009\000\040\000t\000r\000i\000n\000u\000c\000l\000e\000o\000t\000i\000d\000e\000\137\000p\000e\000p\000\050\000\051}{subsection.4.4.1}% 146
\BOOKMARK [1][-]{section.4.5}{\376\377\0004\000.\0005\000\040\000u\000t\000i\000l\000\137\000l\000i\000b\000.\000h\000\040\000B\000e\000s\000t\000a\000n\000d\000\040\000R\000e\000f\000e\000r\000e\000n\000t\000i\000e}{chapter.4}% 147
\BOOKMARK [2][-]{subsection.4.5.1}{\376\377\0004\000.\0005\000.\0001\000\040\000D\000o\000c\000u\000m\000e\000n\000t\000a\000t\000i\000e\000\040\000v\000a\000n\000\040\000f\000u\000n\000c\000t\000i\000e\000s}{section.4.5}% 148
\BOOKMARK [3][-]{subsubsection.4.5.1.1}{\376\377\0004\000.\0005\000.\0001\000.\0001\000\040\000d\000m\000a\000t\000r\000i\000x\000\050\000\051}{subsection.4.5.1}% 149
\BOOKMARK [3][-]{subsubsection.4.5.1.2}{\376\377\0004\000.\0005\000.\0001\000.\0002\000\040\000d\000v\000e\000c\000t\000o\000r\000\050\000\051}{subsection.4.5.1}% 150
\BOOKMARK [3][-]{subsubsection.4.5.1.3}{\376\377\0004\000.\0005\000.\0001\000.\0003\000\040\000f\000r\000e\000e\000\137\000d\000m\000a\000t\000r\000i\000x\000\050\000\051}{subsection.4.5.1}% 151
\BOOKMARK [3][-]{subsubsection.4.5.1.4}{\376\377\0004\000.\0005\000.\0001\000.\0004\000\040\000f\000r\000e\000e\000\137\000d\000v\000e\000c\000t\000o\000r\000\050\000\051}{subsection.4.5.1}% 152
\BOOKMARK [3][-]{subsubsection.4.5.1.5}{\376\377\0004\000.\0005\000.\0001\000.\0005\000\040\000f\000r\000e\000e\000\137\000i\000m\000a\000t\000r\000i\000x\000\050\000\051}{subsection.4.5.1}% 153
\BOOKMARK [3][-]{subsubsection.4.5.1.6}{\376\377\0004\000.\0005\000.\0001\000.\0006\000\040\000f\000r\000e\000e\000\137\000i\000v\000e\000c\000t\000o\000r\000\050\000\051}{subsection.4.5.1}% 154
\BOOKMARK [3][-]{subsubsection.4.5.1.7}{\376\377\0004\000.\0005\000.\0001\000.\0007\000\040\000g\000e\000t\000\137\000p\000r\000o\000t\000e\000i\000n\000\050\000\051}{subsection.4.5.1}% 155
\BOOKMARK [3][-]{subsubsection.4.5.1.8}{\376\377\0004\000.\0005\000.\0001\000.\0008\000\040\000i\000m\000a\000t\000r\000i\000x\000\050\000\051}{subsection.4.5.1}% 156
\BOOKMARK [3][-]{subsubsection.4.5.1.9}{\376\377\0004\000.\0005\000.\0001\000.\0009\000\040\000i\000v\000e\000c\000t\000o\000r\000\050\000\051}{subsection.4.5.1}% 157
\BOOKMARK [3][-]{subsubsection.4.5.1.10}{\376\377\0004\000.\0005\000.\0001\000.\0001\0000\000\040\000l\000o\000g\0002\000\050\000\051}{subsection.4.5.1}% 158
\BOOKMARK [3][-]{subsubsection.4.5.1.11}{\376\377\0004\000.\0005\000.\0001\000.\0001\0001\000\040\000n\000t\0002\000i\000n\000t\000\050\000\051}{subsection.4.5.1}% 159
\BOOKMARK [3][-]{subsubsection.4.5.1.12}{\376\377\0004\000.\0005\000.\0001\000.\0001\0002\000\040\000n\000t\0002\000i\000n\000t\000\137\000r\000c\000\050\000\051}{subsection.4.5.1}% 160
\BOOKMARK [3][-]{subsubsection.4.5.1.13}{\376\377\0004\000.\0005\000.\0001\000.\0001\0003\000\040\000p\000r\000i\000n\000t\000\137\000u\000s\000a\000g\000e\000\050\000\051}{subsection.4.5.1}% 161
\BOOKMARK [3][-]{subsubsection.4.5.1.14}{\376\377\0004\000.\0005\000.\0001\000.\0001\0004\000\040\000t\000r\0002\000i\000n\000t\000\050\000\051}{subsection.4.5.1}% 162
\BOOKMARK [3][-]{subsubsection.4.5.1.15}{\376\377\0004\000.\0005\000.\0001\000.\0001\0005\000\040\000t\000r\000i\000n\000u\000c\000l\000e\000o\000t\000i\000d\000e\000\050\000\051}{subsection.4.5.1}% 163
\BOOKMARK [0][-]{section*.73}{\376\377\000I\000n\000d\000e\000x}{}% 164
